2022-07-28 13:25:09,425  //  /home/admin1/Desktop/xtm/xtm_fbag/xtm_fbag_app/views.py changed, reloading.  //  266
2022-07-28 13:30:04,215  //  /home/admin1/Desktop/xtm/xtm_fbag/xtm_fbag_app/views.py changed, reloading.  //  266
2022-07-28 13:30:43,492  //  /home/admin1/Desktop/xtm/xtm_fbag/xtm_fbag_app/views.py changed, reloading.  //  266
2022-07-28 13:31:51,607  //  /home/admin1/Desktop/xtm/xtm_fbag/xtm_fbag_app/urls.py changed, reloading.  //  266
2022-07-28 13:32:57,882  //  /home/admin1/Desktop/xtm/xtm_fbag/xtm_fbag_app/urls.py changed, reloading.  //  266
2022-07-28 15:35:17,049  //  Not Found: /favicon.ico  //  241
2022-07-31 10:41:51,717  //  Not Found: /favicon.ico  //  241
2022-07-31 16:04:30,387  //  Not Found: /favicon.ico  //  241
2022-07-31 18:32:56,965  //  /home/cyberider/Desktop/Project/xtm_fbag/xtm_fbag_app/models.py changed, reloading.  //  266
2022-07-31 18:32:59,088  //  /home/cyberider/Desktop/Project/xtm_fbag/xtm_fbag_app/models.py changed, reloading.  //  266
2022-07-31 18:33:13,203  //  /home/cyberider/Desktop/Project/xtm_fbag/xtm_fbag_app/models.py changed, reloading.  //  266
2022-07-31 18:56:13,088  //  /home/cyberider/Desktop/Project/xtm_fbag/xtm_fbag_app/models.py changed, reloading.  //  266
2022-07-31 18:56:14,805  //  /home/cyberider/Desktop/Project/xtm_fbag/xtm_fbag_app/models.py changed, reloading.  //  266
2022-07-31 19:05:06,533  //  /home/cyberider/Desktop/Project/xtm_fbag/xtm_fbag_app/urls.py changed, reloading.  //  266
2022-07-31 19:05:09,223  //  /home/cyberider/Desktop/Project/xtm_fbag/xtm_fbag_app/urls.py changed, reloading.  //  266
2022-07-31 19:05:10,935  //  /home/cyberider/Desktop/Project/xtm_fbag/xtm_fbag_app/urls.py changed, reloading.  //  266
2022-07-31 19:05:14,563  //  /home/cyberider/Desktop/Project/xtm_fbag/xtm_fbag_app/urls.py changed, reloading.  //  266
2022-07-31 19:05:16,337  //  /home/cyberider/Desktop/Project/xtm_fbag/xtm_fbag_app/urls.py changed, reloading.  //  266
2022-07-31 19:05:18,044  //  /home/cyberider/Desktop/Project/xtm_fbag/xtm_fbag_app/urls.py changed, reloading.  //  266
2022-07-31 19:05:22,775  //  /home/cyberider/Desktop/Project/xtm_fbag/xtm_fbag_app/urls.py changed, reloading.  //  266
2022-07-31 19:05:25,491  //  /home/cyberider/Desktop/Project/xtm_fbag/xtm_fbag_app/urls.py changed, reloading.  //  266
2022-07-31 19:05:28,270  //  /home/cyberider/Desktop/Project/xtm_fbag/xtm_fbag_app/urls.py changed, reloading.  //  266
2022-07-31 19:05:30,015  //  /home/cyberider/Desktop/Project/xtm_fbag/xtm_fbag_app/urls.py changed, reloading.  //  266
2022-07-31 19:05:32,686  //  /home/cyberider/Desktop/Project/xtm_fbag/xtm_fbag_app/urls.py changed, reloading.  //  266
2022-07-31 19:05:35,486  //  /home/cyberider/Desktop/Project/xtm_fbag/xtm_fbag_app/urls.py changed, reloading.  //  266
2022-07-31 19:05:38,263  //  /home/cyberider/Desktop/Project/xtm_fbag/xtm_fbag_app/urls.py changed, reloading.  //  266
2022-07-31 19:05:46,000  //  /home/cyberider/Desktop/Project/xtm_fbag/xtm_fbag_app/urls.py changed, reloading.  //  266
2022-07-31 19:05:49,630  //  /home/cyberider/Desktop/Project/xtm_fbag/xtm_fbag_app/urls.py changed, reloading.  //  266
2022-07-31 19:05:59,961  //  /home/cyberider/Desktop/Project/xtm_fbag/xtm_fbag_app/urls.py changed, reloading.  //  266
2022-07-31 19:06:02,672  //  /home/cyberider/Desktop/Project/xtm_fbag/xtm_fbag_app/urls.py changed, reloading.  //  266
2022-07-31 19:06:05,291  //  /home/cyberider/Desktop/Project/xtm_fbag/xtm_fbag_app/urls.py changed, reloading.  //  266
2022-07-31 19:06:07,987  //  /home/cyberider/Desktop/Project/xtm_fbag/xtm_fbag_app/urls.py changed, reloading.  //  266
2022-07-31 19:06:11,704  //  /home/cyberider/Desktop/Project/xtm_fbag/xtm_fbag_app/urls.py changed, reloading.  //  266
2022-07-31 19:06:24,415  //  /home/cyberider/Desktop/Project/xtm_fbag/xtm_fbag_app/urls.py changed, reloading.  //  266
2022-07-31 19:06:33,201  //  /home/cyberider/Desktop/Project/xtm_fbag/xtm_fbag_app/urls.py changed, reloading.  //  266
2022-07-31 19:06:39,887  //  /home/cyberider/Desktop/Project/xtm_fbag/xtm_fbag_app/urls.py changed, reloading.  //  266
2022-07-31 19:06:53,742  //  /home/cyberider/Desktop/Project/xtm_fbag/xtm_fbag_app/urls.py changed, reloading.  //  266
2022-07-31 19:07:07,562  //  /home/cyberider/Desktop/Project/xtm_fbag/xtm_fbag_app/urls.py changed, reloading.  //  266
2022-07-31 19:07:20,378  //  /home/cyberider/Desktop/Project/xtm_fbag/xtm_fbag_app/urls.py changed, reloading.  //  266
2022-07-31 19:07:23,011  //  /home/cyberider/Desktop/Project/xtm_fbag/xtm_fbag_app/urls.py changed, reloading.  //  266
2022-07-31 19:09:00,848  //  /home/cyberider/Desktop/Project/xtm_fbag/xtm_fbag_app/views.py changed, reloading.  //  266
2022-07-31 19:09:24,049  //  /home/cyberider/Desktop/Project/xtm_fbag/xtm_fbag_app/views.py changed, reloading.  //  266
2022-07-31 19:09:25,819  //  /home/cyberider/Desktop/Project/xtm_fbag/xtm_fbag_app/views.py changed, reloading.  //  266
2022-07-31 19:09:27,602  //  /home/cyberider/Desktop/Project/xtm_fbag/xtm_fbag_app/views.py changed, reloading.  //  266
2022-07-31 19:09:33,258  //  /home/cyberider/Desktop/Project/xtm_fbag/xtm_fbag_app/views.py changed, reloading.  //  266
2022-07-31 19:09:35,093  //  /home/cyberider/Desktop/Project/xtm_fbag/xtm_fbag_app/views.py changed, reloading.  //  266
2022-07-31 19:09:42,013  //  /home/cyberider/Desktop/Project/xtm_fbag/xtm_fbag_app/views.py changed, reloading.  //  266
2022-07-31 19:09:54,848  //  /home/cyberider/Desktop/Project/xtm_fbag/xtm_fbag_app/views.py changed, reloading.  //  266
2022-07-31 19:10:13,733  //  /home/cyberider/Desktop/Project/xtm_fbag/xtm_fbag_app/views.py changed, reloading.  //  266
2022-07-31 19:14:55,246  //  /home/cyberider/Desktop/Project/xtm_fbag/xtm_fbag_app/views.py changed, reloading.  //  266
2022-07-31 19:15:19,751  //  /home/cyberider/Desktop/Project/xtm_fbag/xtm_fbag_app/views.py changed, reloading.  //  266
2022-07-31 19:15:26,706  //  /home/cyberider/Desktop/Project/xtm_fbag/xtm_fbag_app/views.py changed, reloading.  //  266
2022-07-31 19:15:29,481  //  /home/cyberider/Desktop/Project/xtm_fbag/xtm_fbag_app/views.py changed, reloading.  //  266
2022-07-31 19:15:31,294  //  /home/cyberider/Desktop/Project/xtm_fbag/xtm_fbag_app/views.py changed, reloading.  //  266
2022-07-31 19:15:33,174  //  /home/cyberider/Desktop/Project/xtm_fbag/xtm_fbag_app/views.py changed, reloading.  //  266
2022-07-31 19:15:38,876  //  /home/cyberider/Desktop/Project/xtm_fbag/xtm_fbag_app/views.py changed, reloading.  //  266
2022-07-31 19:15:40,744  //  /home/cyberider/Desktop/Project/xtm_fbag/xtm_fbag_app/views.py changed, reloading.  //  266
2022-07-31 19:15:50,535  //  /home/cyberider/Desktop/Project/xtm_fbag/xtm_fbag_app/views.py changed, reloading.  //  266
2022-07-31 19:16:02,392  //  /home/cyberider/Desktop/Project/xtm_fbag/xtm_fbag_app/views.py changed, reloading.  //  266
2022-07-31 19:16:04,161  //  /home/cyberider/Desktop/Project/xtm_fbag/xtm_fbag_app/views.py changed, reloading.  //  266
2022-07-31 19:30:39,931  //  /home/cyberider/Desktop/Project/xtm_fbag/xtm_fbag_app/views.py changed, reloading.  //  266
2022-07-31 19:30:57,737  //  /home/cyberider/Desktop/Project/xtm_fbag/xtm_fbag_app/urls.py changed, reloading.  //  266
2022-07-31 19:31:06,634  //  /home/cyberider/Desktop/Project/xtm_fbag/xtm_fbag_app/urls.py changed, reloading.  //  266
2022-07-31 19:31:10,341  //  /home/cyberider/Desktop/Project/xtm_fbag/xtm_fbag_app/urls.py changed, reloading.  //  266
2022-07-31 19:31:30,100  //  /home/cyberider/Desktop/Project/xtm_fbag/xtm_fbag_app/urls.py changed, reloading.  //  266
2022-07-31 19:50:02,076  //  /home/cyberider/Desktop/Project/xtm_fbag/xtm_fbag_app/views.py changed, reloading.  //  266
2022-07-31 19:50:06,270  //  /home/cyberider/Desktop/Project/xtm_fbag/xtm_fbag_app/views.py changed, reloading.  //  266
2022-07-31 19:50:09,132  //  /home/cyberider/Desktop/Project/xtm_fbag/xtm_fbag_app/views.py changed, reloading.  //  266
2022-07-31 19:50:11,033  //  /home/cyberider/Desktop/Project/xtm_fbag/xtm_fbag_app/views.py changed, reloading.  //  266
2022-07-31 19:50:12,880  //  /home/cyberider/Desktop/Project/xtm_fbag/xtm_fbag_app/views.py changed, reloading.  //  266
2022-07-31 19:50:18,636  //  /home/cyberider/Desktop/Project/xtm_fbag/xtm_fbag_app/views.py changed, reloading.  //  266
2022-07-31 19:50:22,580  //  /home/cyberider/Desktop/Project/xtm_fbag/xtm_fbag_app/views.py changed, reloading.  //  266
2022-07-31 19:50:27,314  //  /home/cyberider/Desktop/Project/xtm_fbag/xtm_fbag_app/views.py changed, reloading.  //  266
2022-07-31 19:50:35,153  //  /home/cyberider/Desktop/Project/xtm_fbag/xtm_fbag_app/views.py changed, reloading.  //  266
2022-07-31 19:50:39,906  //  /home/cyberider/Desktop/Project/xtm_fbag/xtm_fbag_app/views.py changed, reloading.  //  266
2022-07-31 19:50:52,815  //  /home/cyberider/Desktop/Project/xtm_fbag/xtm_fbag_app/views.py changed, reloading.  //  266
2022-07-31 19:51:22,871  //  /home/cyberider/Desktop/Project/xtm_fbag/xtm_fbag_app/views.py changed, reloading.  //  266
2022-07-31 19:51:29,672  //  /home/cyberider/Desktop/Project/xtm_fbag/xtm_fbag_app/views.py changed, reloading.  //  266
2022-07-31 19:51:32,409  //  /home/cyberider/Desktop/Project/xtm_fbag/xtm_fbag_app/views.py changed, reloading.  //  266
2022-07-31 19:51:36,893  //  /home/cyberider/Desktop/Project/xtm_fbag/xtm_fbag_app/views.py changed, reloading.  //  266
2022-07-31 19:51:43,643  //  /home/cyberider/Desktop/Project/xtm_fbag/xtm_fbag_app/views.py changed, reloading.  //  266
2022-07-31 19:51:49,386  //  /home/cyberider/Desktop/Project/xtm_fbag/xtm_fbag_app/views.py changed, reloading.  //  266
2022-07-31 19:52:03,948  //  /home/cyberider/Desktop/Project/xtm_fbag/xtm_fbag_app/views.py changed, reloading.  //  266
2022-07-31 19:52:10,722  //  /home/cyberider/Desktop/Project/xtm_fbag/xtm_fbag_app/views.py changed, reloading.  //  266
2022-07-31 19:52:13,535  //  /home/cyberider/Desktop/Project/xtm_fbag/xtm_fbag_app/views.py changed, reloading.  //  266
2022-07-31 19:52:15,264  //  /home/cyberider/Desktop/Project/xtm_fbag/xtm_fbag_app/views.py changed, reloading.  //  266
2022-07-31 19:52:20,975  //  /home/cyberider/Desktop/Project/xtm_fbag/xtm_fbag_app/views.py changed, reloading.  //  266
2022-07-31 19:52:22,792  //  /home/cyberider/Desktop/Project/xtm_fbag/xtm_fbag_app/views.py changed, reloading.  //  266
2022-07-31 19:52:39,340  //  /home/cyberider/Desktop/Project/xtm_fbag/xtm_fbag_app/views.py changed, reloading.  //  266
2022-07-31 19:52:41,142  //  /home/cyberider/Desktop/Project/xtm_fbag/xtm_fbag_app/views.py changed, reloading.  //  266
2022-07-31 19:52:45,876  //  /home/cyberider/Desktop/Project/xtm_fbag/xtm_fbag_app/views.py changed, reloading.  //  266
2022-07-31 19:52:47,692  //  /home/cyberider/Desktop/Project/xtm_fbag/xtm_fbag_app/views.py changed, reloading.  //  266
2022-07-31 19:53:06,670  //  /home/cyberider/Desktop/Project/xtm_fbag/xtm_fbag_app/views.py changed, reloading.  //  266
2022-07-31 19:55:04,883  //  /home/cyberider/Desktop/Project/xtm_fbag/xtm_fbag_app/views.py changed, reloading.  //  266
2022-07-31 19:55:08,743  //  /home/cyberider/Desktop/Project/xtm_fbag/xtm_fbag_app/views.py changed, reloading.  //  266
2022-07-31 19:55:11,527  //  /home/cyberider/Desktop/Project/xtm_fbag/xtm_fbag_app/views.py changed, reloading.  //  266
2022-07-31 19:55:15,501  //  /home/cyberider/Desktop/Project/xtm_fbag/xtm_fbag_app/views.py changed, reloading.  //  266
2022-07-31 19:55:23,002  //  /home/cyberider/Desktop/Project/xtm_fbag/xtm_fbag_app/views.py changed, reloading.  //  266
2022-07-31 19:55:35,969  //  /home/cyberider/Desktop/Project/xtm_fbag/xtm_fbag_app/views.py changed, reloading.  //  266
2022-07-31 19:55:37,837  //  /home/cyberider/Desktop/Project/xtm_fbag/xtm_fbag_app/views.py changed, reloading.  //  266
2022-07-31 19:55:39,546  //  /home/cyberider/Desktop/Project/xtm_fbag/xtm_fbag_app/views.py changed, reloading.  //  266
2022-07-31 19:55:46,303  //  /home/cyberider/Desktop/Project/xtm_fbag/xtm_fbag_app/views.py changed, reloading.  //  266
2022-07-31 19:55:48,025  //  /home/cyberider/Desktop/Project/xtm_fbag/xtm_fbag_app/views.py changed, reloading.  //  266
2022-07-31 20:04:50,067  //  /home/cyberider/Desktop/Project/xtm_fbag/xtm_fbag_app/views.py changed, reloading.  //  266
2022-07-31 20:05:51,742  //  /home/cyberider/Desktop/Project/xtm_fbag/xtm_fbag_app/views.py changed, reloading.  //  266
2022-07-31 20:09:51,482  //  /home/cyberider/Desktop/Project/xtm_fbag/xtm_fbag_app/views.py changed, reloading.  //  266
2022-07-31 20:09:57,342  //  /home/cyberider/Desktop/Project/xtm_fbag/xtm_fbag_app/views.py changed, reloading.  //  266
2022-07-31 20:10:17,314  //  /home/cyberider/Desktop/Project/xtm_fbag/xtm_fbag_app/views.py changed, reloading.  //  266
2022-07-31 20:10:23,067  //  /home/cyberider/Desktop/Project/xtm_fbag/xtm_fbag_app/views.py changed, reloading.  //  266
2022-07-31 20:11:00,410  //  /home/cyberider/Desktop/Project/xtm_fbag/xtm_fbag_app/views.py changed, reloading.  //  266
2022-07-31 20:11:06,229  //  /home/cyberider/Desktop/Project/xtm_fbag/xtm_fbag_app/views.py changed, reloading.  //  266
2022-07-31 20:11:12,108  //  /home/cyberider/Desktop/Project/xtm_fbag/xtm_fbag_app/views.py changed, reloading.  //  266
2022-07-31 20:11:16,290  //  /home/cyberider/Desktop/Project/xtm_fbag/xtm_fbag_app/views.py changed, reloading.  //  266
2022-07-31 20:11:24,984  //  /home/cyberider/Desktop/Project/xtm_fbag/xtm_fbag_app/views.py changed, reloading.  //  266
2022-07-31 20:11:44,043  //  /home/cyberider/Desktop/Project/xtm_fbag/xtm_fbag_app/views.py changed, reloading.  //  266
2022-07-31 20:11:47,853  //  /home/cyberider/Desktop/Project/xtm_fbag/xtm_fbag_app/views.py changed, reloading.  //  266
2022-07-31 20:12:30,148  //  /home/cyberider/Desktop/Project/xtm_fbag/xtm_fbag_app/views.py changed, reloading.  //  266
2022-07-31 20:12:32,093  //  /home/cyberider/Desktop/Project/xtm_fbag/xtm_fbag_app/views.py changed, reloading.  //  266
2022-07-31 20:12:34,908  //  /home/cyberider/Desktop/Project/xtm_fbag/xtm_fbag_app/views.py changed, reloading.  //  266
2022-07-31 20:12:38,869  //  /home/cyberider/Desktop/Project/xtm_fbag/xtm_fbag_app/views.py changed, reloading.  //  266
2022-07-31 20:12:44,972  //  /home/cyberider/Desktop/Project/xtm_fbag/xtm_fbag_app/views.py changed, reloading.  //  266
2022-07-31 20:12:47,888  //  /home/cyberider/Desktop/Project/xtm_fbag/xtm_fbag_app/views.py changed, reloading.  //  266
2022-07-31 20:12:49,635  //  /home/cyberider/Desktop/Project/xtm_fbag/xtm_fbag_app/views.py changed, reloading.  //  266
2022-07-31 20:14:46,035  //  /home/cyberider/Desktop/Project/xtm_fbag/xtm_fbag_app/views.py changed, reloading.  //  266
2022-07-31 20:16:54,534  //  /home/cyberider/Desktop/Project/xtm_fbag/xtm_fbag_app/views.py changed, reloading.  //  266
2022-07-31 20:16:56,204  //  /home/cyberider/Desktop/Project/xtm_fbag/xtm_fbag_app/views.py changed, reloading.  //  266
2022-07-31 20:18:45,016  //  Internal Server Error: /edu_post/  //  241
Traceback (most recent call last):
  File "/home/cyberider/Desktop/Project/env_xtm_fbag/lib/python3.10/site-packages/django/db/backends/utils.py", line 89, in _execute
    return self.cursor.execute(sql, params)
  File "/home/cyberider/Desktop/Project/env_xtm_fbag/lib/python3.10/site-packages/django/db/backends/sqlite3/base.py", line 477, in execute
    return Database.Cursor.execute(self, query, params)
sqlite3.IntegrityError: NOT NULL constraint failed: xtm_fbag_app_post.title

The above exception was the direct cause of the following exception:

Traceback (most recent call last):
  File "/home/cyberider/Desktop/Project/env_xtm_fbag/lib/python3.10/site-packages/django/core/handlers/exception.py", line 55, in inner
    response = get_response(request)
  File "/home/cyberider/Desktop/Project/env_xtm_fbag/lib/python3.10/site-packages/django/core/handlers/base.py", line 197, in _get_response
    response = wrapped_callback(request, *callback_args, **callback_kwargs)
  File "/home/cyberider/Desktop/Project/env_xtm_fbag/lib/python3.10/site-packages/django/contrib/auth/decorators.py", line 23, in _wrapped_view
    return view_func(request, *args, **kwargs)
  File "/home/cyberider/Desktop/Project/xtm_fbag/xtm_fbag_app/views.py", line 227, in create_post
    post_data = Post.objects.create(title=title1,author=request.user,content=comment1)
  File "/home/cyberider/Desktop/Project/env_xtm_fbag/lib/python3.10/site-packages/django/db/models/manager.py", line 85, in manager_method
    return getattr(self.get_queryset(), name)(*args, **kwargs)
  File "/home/cyberider/Desktop/Project/env_xtm_fbag/lib/python3.10/site-packages/django/db/models/query.py", line 514, in create
    obj.save(force_insert=True, using=self.db)
  File "/home/cyberider/Desktop/Project/env_xtm_fbag/lib/python3.10/site-packages/django/db/models/base.py", line 806, in save
    self.save_base(
  File "/home/cyberider/Desktop/Project/env_xtm_fbag/lib/python3.10/site-packages/django/db/models/base.py", line 857, in save_base
    updated = self._save_table(
  File "/home/cyberider/Desktop/Project/env_xtm_fbag/lib/python3.10/site-packages/django/db/models/base.py", line 1000, in _save_table
    results = self._do_insert(
  File "/home/cyberider/Desktop/Project/env_xtm_fbag/lib/python3.10/site-packages/django/db/models/base.py", line 1041, in _do_insert
    return manager._insert(
  File "/home/cyberider/Desktop/Project/env_xtm_fbag/lib/python3.10/site-packages/django/db/models/manager.py", line 85, in manager_method
    return getattr(self.get_queryset(), name)(*args, **kwargs)
  File "/home/cyberider/Desktop/Project/env_xtm_fbag/lib/python3.10/site-packages/django/db/models/query.py", line 1434, in _insert
    return query.get_compiler(using=using).execute_sql(returning_fields)
  File "/home/cyberider/Desktop/Project/env_xtm_fbag/lib/python3.10/site-packages/django/db/models/sql/compiler.py", line 1621, in execute_sql
    cursor.execute(sql, params)
  File "/home/cyberider/Desktop/Project/env_xtm_fbag/lib/python3.10/site-packages/django/db/backends/utils.py", line 103, in execute
    return super().execute(sql, params)
  File "/home/cyberider/Desktop/Project/env_xtm_fbag/lib/python3.10/site-packages/django/db/backends/utils.py", line 67, in execute
    return self._execute_with_wrappers(
  File "/home/cyberider/Desktop/Project/env_xtm_fbag/lib/python3.10/site-packages/django/db/backends/utils.py", line 80, in _execute_with_wrappers
    return executor(sql, params, many, context)
  File "/home/cyberider/Desktop/Project/env_xtm_fbag/lib/python3.10/site-packages/django/db/backends/utils.py", line 84, in _execute
    with self.db.wrap_database_errors:
  File "/home/cyberider/Desktop/Project/env_xtm_fbag/lib/python3.10/site-packages/django/db/utils.py", line 91, in __exit__
    raise dj_exc_value.with_traceback(traceback) from exc_value
  File "/home/cyberider/Desktop/Project/env_xtm_fbag/lib/python3.10/site-packages/django/db/backends/utils.py", line 89, in _execute
    return self.cursor.execute(sql, params)
  File "/home/cyberider/Desktop/Project/env_xtm_fbag/lib/python3.10/site-packages/django/db/backends/sqlite3/base.py", line 477, in execute
    return Database.Cursor.execute(self, query, params)
django.db.utils.IntegrityError: NOT NULL constraint failed: xtm_fbag_app_post.title
2022-07-31 20:20:02,530  //  /home/cyberider/Desktop/Project/xtm_fbag/xtm_fbag_app/views.py changed, reloading.  //  266
2022-07-31 20:20:43,786  //  /home/cyberider/Desktop/Project/xtm_fbag/xtm_fbag_app/views.py changed, reloading.  //  266
2022-07-31 20:20:52,749  //  /home/cyberider/Desktop/Project/xtm_fbag/xtm_fbag_app/views.py changed, reloading.  //  266
2022-07-31 20:21:45,331  //  /home/cyberider/Desktop/Project/xtm_fbag/xtm_fbag_app/views.py changed, reloading.  //  266
2022-07-31 20:22:00,146  //  /home/cyberider/Desktop/Project/xtm_fbag/xtm_fbag_app/views.py changed, reloading.  //  266
2022-07-31 20:22:07,974  //  /home/cyberider/Desktop/Project/xtm_fbag/xtm_fbag_app/views.py changed, reloading.  //  266
2022-07-31 20:22:21,888  //  /home/cyberider/Desktop/Project/xtm_fbag/xtm_fbag_app/views.py changed, reloading.  //  266
2022-07-31 20:22:40,828  //  /home/cyberider/Desktop/Project/xtm_fbag/xtm_fbag_app/views.py changed, reloading.  //  266
2022-07-31 20:22:44,520  //  /home/cyberider/Desktop/Project/xtm_fbag/xtm_fbag_app/views.py changed, reloading.  //  266
2022-07-31 20:22:46,262  //  /home/cyberider/Desktop/Project/xtm_fbag/xtm_fbag_app/views.py changed, reloading.  //  266
2022-07-31 20:23:53,074  //  /home/cyberider/Desktop/Project/xtm_fbag/xtm_fbag_app/admin.py changed, reloading.  //  266
2022-07-31 20:23:56,834  //  /home/cyberider/Desktop/Project/xtm_fbag/xtm_fbag_app/admin.py changed, reloading.  //  266
2022-07-31 20:23:58,579  //  /home/cyberider/Desktop/Project/xtm_fbag/xtm_fbag_app/admin.py changed, reloading.  //  266
2022-07-31 20:24:00,243  //  /home/cyberider/Desktop/Project/xtm_fbag/xtm_fbag_app/admin.py changed, reloading.  //  266
2022-07-31 20:24:46,784  //  /home/cyberider/Desktop/Project/xtm_fbag/xtm_fbag_app/admin.py changed, reloading.  //  266
2022-07-31 20:24:54,618  //  /home/cyberider/Desktop/Project/xtm_fbag/xtm_fbag_app/admin.py changed, reloading.  //  266
2022-07-31 20:24:56,352  //  /home/cyberider/Desktop/Project/xtm_fbag/xtm_fbag_app/admin.py changed, reloading.  //  266
2022-07-31 20:25:03,211  //  /home/cyberider/Desktop/Project/xtm_fbag/xtm_fbag_app/admin.py changed, reloading.  //  266
2022-07-31 20:25:04,888  //  /home/cyberider/Desktop/Project/xtm_fbag/xtm_fbag_app/admin.py changed, reloading.  //  266
2022-07-31 20:25:07,653  //  /home/cyberider/Desktop/Project/xtm_fbag/xtm_fbag_app/admin.py changed, reloading.  //  266
2022-07-31 20:25:10,350  //  /home/cyberider/Desktop/Project/xtm_fbag/xtm_fbag_app/admin.py changed, reloading.  //  266
2022-07-31 20:25:20,258  //  /home/cyberider/Desktop/Project/xtm_fbag/xtm_fbag_app/admin.py changed, reloading.  //  266
2022-07-31 20:25:21,935  //  /home/cyberider/Desktop/Project/xtm_fbag/xtm_fbag_app/admin.py changed, reloading.  //  266
2022-07-31 20:25:24,610  //  /home/cyberider/Desktop/Project/xtm_fbag/xtm_fbag_app/admin.py changed, reloading.  //  266
2022-07-31 20:25:28,303  //  /home/cyberider/Desktop/Project/xtm_fbag/xtm_fbag_app/admin.py changed, reloading.  //  266
2022-07-31 20:28:18,308  //  /home/cyberider/Desktop/Project/xtm_fbag/xtm_fbag_app/admin.py changed, reloading.  //  266
2022-07-31 20:28:27,220  //  /home/cyberider/Desktop/Project/xtm_fbag/xtm_fbag_app/admin.py changed, reloading.  //  266
2022-07-31 20:28:37,139  //  /home/cyberider/Desktop/Project/xtm_fbag/xtm_fbag_app/admin.py changed, reloading.  //  266
2022-07-31 20:28:39,960  //  /home/cyberider/Desktop/Project/xtm_fbag/xtm_fbag_app/admin.py changed, reloading.  //  266
2022-07-31 20:28:42,585  //  /home/cyberider/Desktop/Project/xtm_fbag/xtm_fbag_app/admin.py changed, reloading.  //  266
2022-07-31 20:28:45,235  //  /home/cyberider/Desktop/Project/xtm_fbag/xtm_fbag_app/admin.py changed, reloading.  //  266
2022-07-31 20:28:46,973  //  /home/cyberider/Desktop/Project/xtm_fbag/xtm_fbag_app/admin.py changed, reloading.  //  266
2022-07-31 20:28:48,698  //  /home/cyberider/Desktop/Project/xtm_fbag/xtm_fbag_app/admin.py changed, reloading.  //  266
2022-07-31 20:28:50,413  //  /home/cyberider/Desktop/Project/xtm_fbag/xtm_fbag_app/admin.py changed, reloading.  //  266
2022-07-31 20:28:52,076  //  /home/cyberider/Desktop/Project/xtm_fbag/xtm_fbag_app/admin.py changed, reloading.  //  266
2022-07-31 20:28:55,825  //  /home/cyberider/Desktop/Project/xtm_fbag/xtm_fbag_app/admin.py changed, reloading.  //  266
2022-07-31 20:28:57,535  //  /home/cyberider/Desktop/Project/xtm_fbag/xtm_fbag_app/admin.py changed, reloading.  //  266
2022-07-31 20:29:14,441  //  /home/cyberider/Desktop/Project/xtm_fbag/xtm_fbag_app/admin.py changed, reloading.  //  266
2022-07-31 20:29:25,316  //  /home/cyberider/Desktop/Project/xtm_fbag/xtm_fbag_app/admin.py changed, reloading.  //  266
2022-07-31 20:29:26,997  //  /home/cyberider/Desktop/Project/xtm_fbag/xtm_fbag_app/admin.py changed, reloading.  //  266
2022-07-31 20:29:39,979  //  /home/cyberider/Desktop/Project/xtm_fbag/xtm_fbag_app/admin.py changed, reloading.  //  266
2022-07-31 20:29:41,711  //  /home/cyberider/Desktop/Project/xtm_fbag/xtm_fbag_app/admin.py changed, reloading.  //  266
2022-07-31 20:29:53,622  //  /home/cyberider/Desktop/Project/xtm_fbag/xtm_fbag_app/admin.py changed, reloading.  //  266
2022-07-31 20:29:55,302  //  /home/cyberider/Desktop/Project/xtm_fbag/xtm_fbag_app/admin.py changed, reloading.  //  266
2022-07-31 20:30:19,472  //  /home/cyberider/Desktop/Project/xtm_fbag/xtm_fbag_app/admin.py changed, reloading.  //  266
2022-07-31 20:32:34,174  //  /home/cyberider/Desktop/Project/xtm_fbag/xtm_fbag_app/admin.py changed, reloading.  //  266
2022-07-31 20:32:40,007  //  /home/cyberider/Desktop/Project/xtm_fbag/xtm_fbag_app/admin.py changed, reloading.  //  266
2022-07-31 20:33:12,762  //  Internal Server Error: /admin/xtm_fbag_app/post/4/change/  //  241
Traceback (most recent call last):
  File "/home/cyberider/Desktop/Project/env_xtm_fbag/lib/python3.10/site-packages/django/contrib/admin/options.py", line 804, in get_form
    return modelform_factory(self.model, **defaults)
  File "/home/cyberider/Desktop/Project/env_xtm_fbag/lib/python3.10/site-packages/django/forms/models.py", line 648, in modelform_factory
    return type(form)(class_name, (form,), form_class_attrs)
  File "/home/cyberider/Desktop/Project/env_xtm_fbag/lib/python3.10/site-packages/django/forms/models.py", line 306, in __new__
    fields = fields_for_model(
  File "/home/cyberider/Desktop/Project/env_xtm_fbag/lib/python3.10/site-packages/django/forms/models.py", line 197, in fields_for_model
    raise FieldError(
django.core.exceptions.FieldError: 'updated_on' cannot be specified for Post model form as it is a non-editable field

During handling of the above exception, another exception occurred:

Traceback (most recent call last):
  File "/home/cyberider/Desktop/Project/env_xtm_fbag/lib/python3.10/site-packages/django/core/handlers/exception.py", line 55, in inner
    response = get_response(request)
  File "/home/cyberider/Desktop/Project/env_xtm_fbag/lib/python3.10/site-packages/django/core/handlers/base.py", line 197, in _get_response
    response = wrapped_callback(request, *callback_args, **callback_kwargs)
  File "/home/cyberider/Desktop/Project/env_xtm_fbag/lib/python3.10/site-packages/django/contrib/admin/options.py", line 683, in wrapper
    return self.admin_site.admin_view(view)(*args, **kwargs)
  File "/home/cyberider/Desktop/Project/env_xtm_fbag/lib/python3.10/site-packages/django/utils/decorators.py", line 133, in _wrapped_view
    response = view_func(request, *args, **kwargs)
  File "/home/cyberider/Desktop/Project/env_xtm_fbag/lib/python3.10/site-packages/django/views/decorators/cache.py", line 62, in _wrapped_view_func
    response = view_func(request, *args, **kwargs)
  File "/home/cyberider/Desktop/Project/env_xtm_fbag/lib/python3.10/site-packages/django/contrib/admin/sites.py", line 242, in inner
    return view(request, *args, **kwargs)
  File "/home/cyberider/Desktop/Project/env_xtm_fbag/lib/python3.10/site-packages/django/contrib/admin/options.py", line 1888, in change_view
    return self.changeform_view(request, object_id, form_url, extra_context)
  File "/home/cyberider/Desktop/Project/env_xtm_fbag/lib/python3.10/site-packages/django/utils/decorators.py", line 46, in _wrapper
    return bound_method(*args, **kwargs)
  File "/home/cyberider/Desktop/Project/env_xtm_fbag/lib/python3.10/site-packages/django/utils/decorators.py", line 133, in _wrapped_view
    response = view_func(request, *args, **kwargs)
  File "/home/cyberider/Desktop/Project/env_xtm_fbag/lib/python3.10/site-packages/django/contrib/admin/options.py", line 1745, in changeform_view
    return self._changeform_view(request, object_id, form_url, extra_context)
  File "/home/cyberider/Desktop/Project/env_xtm_fbag/lib/python3.10/site-packages/django/contrib/admin/options.py", line 1781, in _changeform_view
    ModelForm = self.get_form(
  File "/home/cyberider/Desktop/Project/env_xtm_fbag/lib/python3.10/site-packages/django/contrib/admin/options.py", line 806, in get_form
    raise FieldError(
django.core.exceptions.FieldError: 'updated_on' cannot be specified for Post model form as it is a non-editable field. Check fields/fieldsets/exclude attributes of class PostAdmin.
2022-07-31 20:33:22,156  //  Internal Server Error: /admin/xtm_fbag_app/post/4/change/  //  241
Traceback (most recent call last):
  File "/home/cyberider/Desktop/Project/env_xtm_fbag/lib/python3.10/site-packages/django/contrib/admin/options.py", line 804, in get_form
    return modelform_factory(self.model, **defaults)
  File "/home/cyberider/Desktop/Project/env_xtm_fbag/lib/python3.10/site-packages/django/forms/models.py", line 648, in modelform_factory
    return type(form)(class_name, (form,), form_class_attrs)
  File "/home/cyberider/Desktop/Project/env_xtm_fbag/lib/python3.10/site-packages/django/forms/models.py", line 306, in __new__
    fields = fields_for_model(
  File "/home/cyberider/Desktop/Project/env_xtm_fbag/lib/python3.10/site-packages/django/forms/models.py", line 197, in fields_for_model
    raise FieldError(
django.core.exceptions.FieldError: 'updated_on' cannot be specified for Post model form as it is a non-editable field

During handling of the above exception, another exception occurred:

Traceback (most recent call last):
  File "/home/cyberider/Desktop/Project/env_xtm_fbag/lib/python3.10/site-packages/django/core/handlers/exception.py", line 55, in inner
    response = get_response(request)
  File "/home/cyberider/Desktop/Project/env_xtm_fbag/lib/python3.10/site-packages/django/core/handlers/base.py", line 197, in _get_response
    response = wrapped_callback(request, *callback_args, **callback_kwargs)
  File "/home/cyberider/Desktop/Project/env_xtm_fbag/lib/python3.10/site-packages/django/contrib/admin/options.py", line 683, in wrapper
    return self.admin_site.admin_view(view)(*args, **kwargs)
  File "/home/cyberider/Desktop/Project/env_xtm_fbag/lib/python3.10/site-packages/django/utils/decorators.py", line 133, in _wrapped_view
    response = view_func(request, *args, **kwargs)
  File "/home/cyberider/Desktop/Project/env_xtm_fbag/lib/python3.10/site-packages/django/views/decorators/cache.py", line 62, in _wrapped_view_func
    response = view_func(request, *args, **kwargs)
  File "/home/cyberider/Desktop/Project/env_xtm_fbag/lib/python3.10/site-packages/django/contrib/admin/sites.py", line 242, in inner
    return view(request, *args, **kwargs)
  File "/home/cyberider/Desktop/Project/env_xtm_fbag/lib/python3.10/site-packages/django/contrib/admin/options.py", line 1888, in change_view
    return self.changeform_view(request, object_id, form_url, extra_context)
  File "/home/cyberider/Desktop/Project/env_xtm_fbag/lib/python3.10/site-packages/django/utils/decorators.py", line 46, in _wrapper
    return bound_method(*args, **kwargs)
  File "/home/cyberider/Desktop/Project/env_xtm_fbag/lib/python3.10/site-packages/django/utils/decorators.py", line 133, in _wrapped_view
    response = view_func(request, *args, **kwargs)
  File "/home/cyberider/Desktop/Project/env_xtm_fbag/lib/python3.10/site-packages/django/contrib/admin/options.py", line 1745, in changeform_view
    return self._changeform_view(request, object_id, form_url, extra_context)
  File "/home/cyberider/Desktop/Project/env_xtm_fbag/lib/python3.10/site-packages/django/contrib/admin/options.py", line 1781, in _changeform_view
    ModelForm = self.get_form(
  File "/home/cyberider/Desktop/Project/env_xtm_fbag/lib/python3.10/site-packages/django/contrib/admin/options.py", line 806, in get_form
    raise FieldError(
django.core.exceptions.FieldError: 'updated_on' cannot be specified for Post model form as it is a non-editable field. Check fields/fieldsets/exclude attributes of class PostAdmin.
2022-07-31 20:34:02,937  //  /home/cyberider/Desktop/Project/xtm_fbag/xtm_fbag_app/admin.py changed, reloading.  //  266
2022-07-31 20:34:04,426  //  Internal Server Error: /admin/xtm_fbag_app/post/4/change/  //  241
Traceback (most recent call last):
  File "/home/cyberider/Desktop/Project/env_xtm_fbag/lib/python3.10/site-packages/django/contrib/admin/options.py", line 804, in get_form
    return modelform_factory(self.model, **defaults)
  File "/home/cyberider/Desktop/Project/env_xtm_fbag/lib/python3.10/site-packages/django/forms/models.py", line 648, in modelform_factory
    return type(form)(class_name, (form,), form_class_attrs)
  File "/home/cyberider/Desktop/Project/env_xtm_fbag/lib/python3.10/site-packages/django/forms/models.py", line 306, in __new__
    fields = fields_for_model(
  File "/home/cyberider/Desktop/Project/env_xtm_fbag/lib/python3.10/site-packages/django/forms/models.py", line 197, in fields_for_model
    raise FieldError(
django.core.exceptions.FieldError: 'created_on' cannot be specified for Post model form as it is a non-editable field

During handling of the above exception, another exception occurred:

Traceback (most recent call last):
  File "/home/cyberider/Desktop/Project/env_xtm_fbag/lib/python3.10/site-packages/django/core/handlers/exception.py", line 55, in inner
    response = get_response(request)
  File "/home/cyberider/Desktop/Project/env_xtm_fbag/lib/python3.10/site-packages/django/core/handlers/base.py", line 197, in _get_response
    response = wrapped_callback(request, *callback_args, **callback_kwargs)
  File "/home/cyberider/Desktop/Project/env_xtm_fbag/lib/python3.10/site-packages/django/contrib/admin/options.py", line 683, in wrapper
    return self.admin_site.admin_view(view)(*args, **kwargs)
  File "/home/cyberider/Desktop/Project/env_xtm_fbag/lib/python3.10/site-packages/django/utils/decorators.py", line 133, in _wrapped_view
    response = view_func(request, *args, **kwargs)
  File "/home/cyberider/Desktop/Project/env_xtm_fbag/lib/python3.10/site-packages/django/views/decorators/cache.py", line 62, in _wrapped_view_func
    response = view_func(request, *args, **kwargs)
  File "/home/cyberider/Desktop/Project/env_xtm_fbag/lib/python3.10/site-packages/django/contrib/admin/sites.py", line 242, in inner
    return view(request, *args, **kwargs)
  File "/home/cyberider/Desktop/Project/env_xtm_fbag/lib/python3.10/site-packages/django/contrib/admin/options.py", line 1888, in change_view
    return self.changeform_view(request, object_id, form_url, extra_context)
  File "/home/cyberider/Desktop/Project/env_xtm_fbag/lib/python3.10/site-packages/django/utils/decorators.py", line 46, in _wrapper
    return bound_method(*args, **kwargs)
  File "/home/cyberider/Desktop/Project/env_xtm_fbag/lib/python3.10/site-packages/django/utils/decorators.py", line 133, in _wrapped_view
    response = view_func(request, *args, **kwargs)
  File "/home/cyberider/Desktop/Project/env_xtm_fbag/lib/python3.10/site-packages/django/contrib/admin/options.py", line 1745, in changeform_view
    return self._changeform_view(request, object_id, form_url, extra_context)
  File "/home/cyberider/Desktop/Project/env_xtm_fbag/lib/python3.10/site-packages/django/contrib/admin/options.py", line 1781, in _changeform_view
    ModelForm = self.get_form(
  File "/home/cyberider/Desktop/Project/env_xtm_fbag/lib/python3.10/site-packages/django/contrib/admin/options.py", line 806, in get_form
    raise FieldError(
django.core.exceptions.FieldError: 'created_on' cannot be specified for Post model form as it is a non-editable field. Check fields/fieldsets/exclude attributes of class PostAdmin.
2022-07-31 20:34:14,864  //  /home/cyberider/Desktop/Project/xtm_fbag/xtm_fbag_app/admin.py changed, reloading.  //  266
2022-07-31 20:34:16,589  //  /home/cyberider/Desktop/Project/xtm_fbag/xtm_fbag_app/admin.py changed, reloading.  //  266
2022-07-31 20:37:10,450  //  /home/cyberider/Desktop/Project/xtm_fbag/xtm_fbag_app/admin.py changed, reloading.  //  266
2022-07-31 20:37:12,124  //  /home/cyberider/Desktop/Project/xtm_fbag/xtm_fbag_app/admin.py changed, reloading.  //  266
2022-07-31 20:37:18,209  //  /home/cyberider/Desktop/Project/xtm_fbag/xtm_fbag_app/admin.py changed, reloading.  //  266
2022-07-31 20:38:05,353  //  Not Found: /index  //  241
2022-07-31 20:45:28,865  //  /home/cyberider/Desktop/Project/xtm_fbag/xtm_fbag_app/admin.py changed, reloading.  //  266
2022-07-31 20:45:31,006  //  /home/cyberider/Desktop/Project/xtm_fbag/xtm_fbag_app/admin.py changed, reloading.  //  266
2022-07-31 20:45:32,727  //  /home/cyberider/Desktop/Project/xtm_fbag/xtm_fbag_app/admin.py changed, reloading.  //  266
2022-07-31 20:45:38,444  //  /home/cyberider/Desktop/Project/xtm_fbag/xtm_fbag_app/admin.py changed, reloading.  //  266
2022-07-31 20:45:54,604  //  /home/cyberider/Desktop/Project/xtm_fbag/xtm_fbag_app/admin.py changed, reloading.  //  266
2022-07-31 20:46:01,533  //  Internal Server Error: /admin/xtm_fbag_app/post/4/change/  //  241
Traceback (most recent call last):
  File "/home/cyberider/Desktop/Project/env_xtm_fbag/lib/python3.10/site-packages/django/forms/forms.py", line 182, in __getitem__
    field = self.fields[name]
KeyError: 'id'

During handling of the above exception, another exception occurred:

Traceback (most recent call last):
  File "/home/cyberider/Desktop/Project/env_xtm_fbag/lib/python3.10/site-packages/django/core/handlers/exception.py", line 55, in inner
    response = get_response(request)
  File "/home/cyberider/Desktop/Project/env_xtm_fbag/lib/python3.10/site-packages/django/core/handlers/base.py", line 220, in _get_response
    response = response.render()
  File "/home/cyberider/Desktop/Project/env_xtm_fbag/lib/python3.10/site-packages/django/template/response.py", line 114, in render
    self.content = self.rendered_content
  File "/home/cyberider/Desktop/Project/env_xtm_fbag/lib/python3.10/site-packages/django/template/response.py", line 92, in rendered_content
    return template.render(context, self._request)
  File "/home/cyberider/Desktop/Project/env_xtm_fbag/lib/python3.10/site-packages/django/template/backends/django.py", line 62, in render
    return self.template.render(context)
  File "/home/cyberider/Desktop/Project/env_xtm_fbag/lib/python3.10/site-packages/django/template/base.py", line 175, in render
    return self._render(context)
  File "/home/cyberider/Desktop/Project/env_xtm_fbag/lib/python3.10/site-packages/django/template/base.py", line 167, in _render
    return self.nodelist.render(context)
  File "/home/cyberider/Desktop/Project/env_xtm_fbag/lib/python3.10/site-packages/django/template/base.py", line 1000, in render
    return SafeString("".join([node.render_annotated(context) for node in self]))
  File "/home/cyberider/Desktop/Project/env_xtm_fbag/lib/python3.10/site-packages/django/template/base.py", line 1000, in <listcomp>
    return SafeString("".join([node.render_annotated(context) for node in self]))
  File "/home/cyberider/Desktop/Project/env_xtm_fbag/lib/python3.10/site-packages/django/template/base.py", line 958, in render_annotated
    return self.render(context)
  File "/home/cyberider/Desktop/Project/env_xtm_fbag/lib/python3.10/site-packages/django/template/loader_tags.py", line 157, in render
    return compiled_parent._render(context)
  File "/home/cyberider/Desktop/Project/env_xtm_fbag/lib/python3.10/site-packages/django/template/base.py", line 167, in _render
    return self.nodelist.render(context)
  File "/home/cyberider/Desktop/Project/env_xtm_fbag/lib/python3.10/site-packages/django/template/base.py", line 1000, in render
    return SafeString("".join([node.render_annotated(context) for node in self]))
  File "/home/cyberider/Desktop/Project/env_xtm_fbag/lib/python3.10/site-packages/django/template/base.py", line 1000, in <listcomp>
    return SafeString("".join([node.render_annotated(context) for node in self]))
  File "/home/cyberider/Desktop/Project/env_xtm_fbag/lib/python3.10/site-packages/django/template/base.py", line 958, in render_annotated
    return self.render(context)
  File "/home/cyberider/Desktop/Project/env_xtm_fbag/lib/python3.10/site-packages/django/template/loader_tags.py", line 157, in render
    return compiled_parent._render(context)
  File "/home/cyberider/Desktop/Project/env_xtm_fbag/lib/python3.10/site-packages/django/template/base.py", line 167, in _render
    return self.nodelist.render(context)
  File "/home/cyberider/Desktop/Project/env_xtm_fbag/lib/python3.10/site-packages/django/template/base.py", line 1000, in render
    return SafeString("".join([node.render_annotated(context) for node in self]))
  File "/home/cyberider/Desktop/Project/env_xtm_fbag/lib/python3.10/site-packages/django/template/base.py", line 1000, in <listcomp>
    return SafeString("".join([node.render_annotated(context) for node in self]))
  File "/home/cyberider/Desktop/Project/env_xtm_fbag/lib/python3.10/site-packages/django/template/base.py", line 958, in render_annotated
    return self.render(context)
  File "/home/cyberider/Desktop/Project/env_xtm_fbag/lib/python3.10/site-packages/django/template/loader_tags.py", line 63, in render
    result = block.nodelist.render(context)
  File "/home/cyberider/Desktop/Project/env_xtm_fbag/lib/python3.10/site-packages/django/template/base.py", line 1000, in render
    return SafeString("".join([node.render_annotated(context) for node in self]))
  File "/home/cyberider/Desktop/Project/env_xtm_fbag/lib/python3.10/site-packages/django/template/base.py", line 1000, in <listcomp>
    return SafeString("".join([node.render_annotated(context) for node in self]))
  File "/home/cyberider/Desktop/Project/env_xtm_fbag/lib/python3.10/site-packages/django/template/base.py", line 958, in render_annotated
    return self.render(context)
  File "/home/cyberider/Desktop/Project/env_xtm_fbag/lib/python3.10/site-packages/django/template/loader_tags.py", line 63, in render
    result = block.nodelist.render(context)
  File "/home/cyberider/Desktop/Project/env_xtm_fbag/lib/python3.10/site-packages/django/template/base.py", line 1000, in render
    return SafeString("".join([node.render_annotated(context) for node in self]))
  File "/home/cyberider/Desktop/Project/env_xtm_fbag/lib/python3.10/site-packages/django/template/base.py", line 1000, in <listcomp>
    return SafeString("".join([node.render_annotated(context) for node in self]))
  File "/home/cyberider/Desktop/Project/env_xtm_fbag/lib/python3.10/site-packages/django/template/base.py", line 958, in render_annotated
    return self.render(context)
  File "/home/cyberider/Desktop/Project/env_xtm_fbag/lib/python3.10/site-packages/django/template/defaulttags.py", line 238, in render
    nodelist.append(node.render_annotated(context))
  File "/home/cyberider/Desktop/Project/env_xtm_fbag/lib/python3.10/site-packages/django/template/base.py", line 958, in render_annotated
    return self.render(context)
  File "/home/cyberider/Desktop/Project/env_xtm_fbag/lib/python3.10/site-packages/django/template/loader_tags.py", line 208, in render
    return template.render(context)
  File "/home/cyberider/Desktop/Project/env_xtm_fbag/lib/python3.10/site-packages/django/template/base.py", line 177, in render
    return self._render(context)
  File "/home/cyberider/Desktop/Project/env_xtm_fbag/lib/python3.10/site-packages/django/template/base.py", line 167, in _render
    return self.nodelist.render(context)
  File "/home/cyberider/Desktop/Project/env_xtm_fbag/lib/python3.10/site-packages/django/template/base.py", line 1000, in render
    return SafeString("".join([node.render_annotated(context) for node in self]))
  File "/home/cyberider/Desktop/Project/env_xtm_fbag/lib/python3.10/site-packages/django/template/base.py", line 1000, in <listcomp>
    return SafeString("".join([node.render_annotated(context) for node in self]))
  File "/home/cyberider/Desktop/Project/env_xtm_fbag/lib/python3.10/site-packages/django/template/base.py", line 958, in render_annotated
    return self.render(context)
  File "/home/cyberider/Desktop/Project/env_xtm_fbag/lib/python3.10/site-packages/django/template/defaulttags.py", line 238, in render
    nodelist.append(node.render_annotated(context))
  File "/home/cyberider/Desktop/Project/env_xtm_fbag/lib/python3.10/site-packages/django/template/base.py", line 958, in render_annotated
    return self.render(context)
  File "/home/cyberider/Desktop/Project/env_xtm_fbag/lib/python3.10/site-packages/django/template/defaulttags.py", line 193, in render
    values = list(values)
  File "/home/cyberider/Desktop/Project/env_xtm_fbag/lib/python3.10/site-packages/django/contrib/admin/helpers.py", line 148, in __iter__
    yield AdminField(self.form, field, is_first=(i == 0))
  File "/home/cyberider/Desktop/Project/env_xtm_fbag/lib/python3.10/site-packages/django/contrib/admin/helpers.py", line 162, in __init__
    self.field = form[field]  # A django.forms.BoundField instance
  File "/home/cyberider/Desktop/Project/env_xtm_fbag/lib/python3.10/site-packages/django/forms/forms.py", line 184, in __getitem__
    raise KeyError(
KeyError: "Key 'id' not found in 'PostForm'. Choices are: author, content, title."
2022-07-31 20:46:18,865  //  /home/cyberider/Desktop/Project/xtm_fbag/xtm_fbag_app/admin.py changed, reloading.  //  266
2022-07-31 20:46:21,548  //  /home/cyberider/Desktop/Project/xtm_fbag/xtm_fbag_app/admin.py changed, reloading.  //  266
2022-07-31 20:46:23,438  //  /home/cyberider/Desktop/Project/xtm_fbag/xtm_fbag_app/admin.py changed, reloading.  //  266
2022-07-31 20:46:47,343  //  /home/cyberider/Desktop/Project/xtm_fbag/xtm_fbag_app/admin.py changed, reloading.  //  266
2022-07-31 20:46:50,017  //  /home/cyberider/Desktop/Project/xtm_fbag/xtm_fbag_app/admin.py changed, reloading.  //  266
2022-07-31 20:47:33,716  //  /home/cyberider/Desktop/Project/xtm_fbag/xtm_fbag_app/admin.py changed, reloading.  //  266
2022-07-31 20:47:35,408  //  /home/cyberider/Desktop/Project/xtm_fbag/xtm_fbag_app/admin.py changed, reloading.  //  266
2022-07-31 20:47:48,531  //  /home/cyberider/Desktop/Project/xtm_fbag/xtm_fbag_app/admin.py changed, reloading.  //  266
2022-07-31 20:47:52,204  //  /home/cyberider/Desktop/Project/xtm_fbag/xtm_fbag_app/admin.py changed, reloading.  //  266
2022-07-31 21:04:47,070  //  /home/cyberider/Desktop/Project/xtm_fbag/xtm_fbag_app/forms.py changed, reloading.  //  266
2022-07-31 21:17:09,834  //  /home/cyberider/Desktop/Project/xtm_fbag/xtm_fbag_app/models.py changed, reloading.  //  266
2022-07-31 21:17:11,497  //  /home/cyberider/Desktop/Project/xtm_fbag/xtm_fbag_app/models.py changed, reloading.  //  266
2022-07-31 21:27:20,236  //  /home/cyberider/Desktop/Project/xtm_fbag/xtm_fbag_app/views.py changed, reloading.  //  266
2022-07-31 21:31:49,326  //  /home/cyberider/Desktop/Project/xtm_fbag/xtm_fbag_app/views.py changed, reloading.  //  266
2022-07-31 21:32:00,128  //  /home/cyberider/Desktop/Project/xtm_fbag/xtm_fbag_app/views.py changed, reloading.  //  266
2022-07-31 21:32:03,891  //  /home/cyberider/Desktop/Project/xtm_fbag/xtm_fbag_app/views.py changed, reloading.  //  266
2022-07-31 21:32:41,928  //  /home/cyberider/Desktop/Project/xtm_fbag/xtm_fbag_app/views.py changed, reloading.  //  266
2022-07-31 21:32:44,647  //  /home/cyberider/Desktop/Project/xtm_fbag/xtm_fbag_app/views.py changed, reloading.  //  266
2022-07-31 21:32:54,447  //  /home/cyberider/Desktop/Project/xtm_fbag/xtm_fbag_app/views.py changed, reloading.  //  266
2022-07-31 21:32:57,111  //  /home/cyberider/Desktop/Project/xtm_fbag/xtm_fbag_app/views.py changed, reloading.  //  266
2022-07-31 21:33:14,839  //  Internal Server Error: /edu_list/  //  241
Traceback (most recent call last):
  File "/home/cyberider/Desktop/Project/env_xtm_fbag/lib/python3.10/site-packages/django/core/handlers/exception.py", line 55, in inner
    response = get_response(request)
  File "/home/cyberider/Desktop/Project/env_xtm_fbag/lib/python3.10/site-packages/django/core/handlers/base.py", line 197, in _get_response
    response = wrapped_callback(request, *callback_args, **callback_kwargs)
  File "/home/cyberider/Desktop/Project/env_xtm_fbag/lib/python3.10/site-packages/django/contrib/auth/decorators.py", line 23, in _wrapped_view
    return view_func(request, *args, **kwargs)
  File "/home/cyberider/Desktop/Project/xtm_fbag/xtm_fbag_app/views.py", line 240, in list_post
    latest_post_list = Post.objects.filter(author=request.user).order_by('-pub_date')[:5]
  File "/home/cyberider/Desktop/Project/env_xtm_fbag/lib/python3.10/site-packages/django/db/models/query.py", line 1295, in order_by
    obj.query.add_ordering(*field_names)
  File "/home/cyberider/Desktop/Project/env_xtm_fbag/lib/python3.10/site-packages/django/db/models/sql/query.py", line 2167, in add_ordering
    self.names_to_path(item.split(LOOKUP_SEP), self.model._meta)
  File "/home/cyberider/Desktop/Project/env_xtm_fbag/lib/python3.10/site-packages/django/db/models/sql/query.py", line 1677, in names_to_path
    raise FieldError(
django.core.exceptions.FieldError: Cannot resolve keyword 'pub_date' into field. Choices are: author, author_id, content, created_on, id, title, updated_on
2022-07-31 21:33:52,683  //  /home/cyberider/Desktop/Project/xtm_fbag/xtm_fbag_app/views.py changed, reloading.  //  266
2022-07-31 21:33:54,501  //  Internal Server Error: /edu_list/  //  241
Traceback (most recent call last):
  File "/home/cyberider/Desktop/Project/env_xtm_fbag/lib/python3.10/site-packages/django/core/handlers/exception.py", line 55, in inner
    response = get_response(request)
  File "/home/cyberider/Desktop/Project/env_xtm_fbag/lib/python3.10/site-packages/django/core/handlers/base.py", line 197, in _get_response
    response = wrapped_callback(request, *callback_args, **callback_kwargs)
  File "/home/cyberider/Desktop/Project/env_xtm_fbag/lib/python3.10/site-packages/django/contrib/auth/decorators.py", line 23, in _wrapped_view
    return view_func(request, *args, **kwargs)
  File "/home/cyberider/Desktop/Project/xtm_fbag/xtm_fbag_app/views.py", line 241, in list_post
    return render(request,'post/list_post',{'latest_post_list': latest_post_list})
  File "/home/cyberider/Desktop/Project/env_xtm_fbag/lib/python3.10/site-packages/django/shortcuts.py", line 24, in render
    content = loader.render_to_string(template_name, context, request, using=using)
  File "/home/cyberider/Desktop/Project/env_xtm_fbag/lib/python3.10/site-packages/django/template/loader.py", line 61, in render_to_string
    template = get_template(template_name, using=using)
  File "/home/cyberider/Desktop/Project/env_xtm_fbag/lib/python3.10/site-packages/django/template/loader.py", line 19, in get_template
    raise TemplateDoesNotExist(template_name, chain=chain)
django.template.exceptions.TemplateDoesNotExist: post/list_post
2022-07-31 21:34:08,842  //  /home/cyberider/Desktop/Project/xtm_fbag/xtm_fbag_app/views.py changed, reloading.  //  266
2022-07-31 22:31:40,201  //  /home/cyberider/Desktop/Project/xtm_fbag/xtm_fbag_app/views.py changed, reloading.  //  266
2022-08-01 05:05:43,125  //  Not Found: /favicon.ico  //  241
2022-08-01 05:11:53,370  //  /home/cyberider/Desktop/Project/xtm_fbag/xtm_fbag_app/views.py changed, reloading.  //  266
2022-08-01 05:14:03,210  //  /home/cyberider/Desktop/Project/xtm_fbag/xtm_fbag_app/views.py changed, reloading.  //  266
2022-08-01 05:14:06,031  //  /home/cyberider/Desktop/Project/xtm_fbag/xtm_fbag_app/views.py changed, reloading.  //  266
2022-08-01 05:14:09,870  //  /home/cyberider/Desktop/Project/xtm_fbag/xtm_fbag_app/views.py changed, reloading.  //  266
2022-08-01 05:14:11,836  //  /home/cyberider/Desktop/Project/xtm_fbag/xtm_fbag_app/views.py changed, reloading.  //  266
2022-08-01 05:14:42,195  //  /home/cyberider/Desktop/Project/xtm_fbag/xtm_fbag_app/views.py changed, reloading.  //  266
